{"C:\\Users\\AMOL\\Desktop\\Zendesk Coding Challenge\\scripts\\ZendeskApiHandler.js": {"path":"C:\\Users\\AMOL\\Desktop\\Zendesk Coding Challenge\\scripts\\ZendeskApiHandler.js","statementMap":{"0":{"start":{"line":1,"column":14},"end":{"line":1,"column":30}},"1":{"start":{"line":2,"column":13},"end":{"line":2,"column":38}},"2":{"start":{"line":13,"column":8},"end":{"line":15,"column":11}},"3":{"start":{"line":17,"column":33},"end":{"line":17,"column":110}},"4":{"start":{"line":18,"column":8},"end":{"line":18,"column":84}},"5":{"start":{"line":29,"column":18},"end":{"line":29,"column":72}},"6":{"start":{"line":30,"column":8},"end":{"line":30,"column":35}},"7":{"start":{"line":37,"column":8},"end":{"line":37,"column":35}},"8":{"start":{"line":44,"column":18},"end":{"line":44,"column":39}},"9":{"start":{"line":45,"column":8},"end":{"line":45,"column":35}},"10":{"start":{"line":55,"column":8},"end":{"line":76,"column":9}},"11":{"start":{"line":56,"column":27},"end":{"line":56,"column":55}},"12":{"start":{"line":57,"column":31},"end":{"line":57,"column":44}},"13":{"start":{"line":59,"column":12},"end":{"line":59,"column":31}},"14":{"start":{"line":63,"column":12},"end":{"line":63,"column":40}},"15":{"start":{"line":64,"column":12},"end":{"line":75,"column":13}},"16":{"start":{"line":65,"column":16},"end":{"line":74,"column":17}},"17":{"start":{"line":67,"column":24},"end":{"line":67,"column":126}},"18":{"start":{"line":69,"column":24},"end":{"line":69,"column":117}},"19":{"start":{"line":71,"column":24},"end":{"line":71,"column":118}},"20":{"start":{"line":73,"column":24},"end":{"line":73,"column":86}},"21":{"start":{"line":82,"column":0},"end":{"line":82,"column":34}}},"fnMap":{"0":{"name":"(anonymous_0)","decl":{"start":{"line":12,"column":4},"end":{"line":12,"column":5}},"loc":{"start":{"line":12,"column":46},"end":{"line":19,"column":5}},"line":12},"1":{"name":"(anonymous_1)","decl":{"start":{"line":28,"column":4},"end":{"line":28,"column":5}},"loc":{"start":{"line":28,"column":48},"end":{"line":31,"column":5}},"line":28},"2":{"name":"(anonymous_2)","decl":{"start":{"line":36,"column":4},"end":{"line":36,"column":5}},"loc":{"start":{"line":36,"column":44},"end":{"line":38,"column":5}},"line":36},"3":{"name":"(anonymous_3)","decl":{"start":{"line":43,"column":4},"end":{"line":43,"column":5}},"loc":{"start":{"line":43,"column":27},"end":{"line":46,"column":5}},"line":43},"4":{"name":"(anonymous_4)","decl":{"start":{"line":54,"column":4},"end":{"line":54,"column":5}},"loc":{"start":{"line":54,"column":26},"end":{"line":77,"column":5}},"line":54}},"branchMap":{"0":{"loc":{"start":{"line":36,"column":21},"end":{"line":36,"column":42}},"type":"default-arg","locations":[{"start":{"line":36,"column":27},"end":{"line":36,"column":42}}],"line":36},"1":{"loc":{"start":{"line":64,"column":12},"end":{"line":75,"column":13}},"type":"if","locations":[{"start":{"line":64,"column":12},"end":{"line":75,"column":13}},{"start":{},"end":{}}],"line":64},"2":{"loc":{"start":{"line":65,"column":16},"end":{"line":74,"column":17}},"type":"switch","locations":[{"start":{"line":66,"column":20},"end":{"line":67,"column":126}},{"start":{"line":68,"column":20},"end":{"line":69,"column":117}},{"start":{"line":70,"column":20},"end":{"line":71,"column":118}},{"start":{"line":72,"column":20},"end":{"line":73,"column":86}}],"line":65}},"s":{"0":2,"1":2,"2":5,"3":5,"4":5,"5":5,"6":5,"7":6,"8":2,"9":2,"10":8,"11":8,"12":5,"13":5,"14":3,"15":3,"16":3,"17":1,"18":0,"19":2,"20":0,"21":2},"f":{"0":5,"1":5,"2":6,"3":2,"4":8},"b":{"0":[1],"1":[3,0],"2":[1,0,2,0]},"_coverageSchema":"1a1c01bbd47fc00a2c39e90264f33305004495a9","hash":"94cac6dffc7850318cdd9dc100e8482bda89ec96"}
,"C:\\Users\\AMOL\\Desktop\\Zendesk Coding Challenge\\scripts\\server.js": {"path":"C:\\Users\\AMOL\\Desktop\\Zendesk Coding Challenge\\scripts\\server.js","statementMap":{"0":{"start":{"line":1,"column":16},"end":{"line":1,"column":34}},"1":{"start":{"line":2,"column":13},"end":{"line":2,"column":28}},"2":{"start":{"line":3,"column":26},"end":{"line":3,"column":65}},"3":{"start":{"line":8,"column":15},"end":{"line":8,"column":24}},"4":{"start":{"line":9,"column":0},"end":{"line":9,"column":27}},"5":{"start":{"line":10,"column":0},"end":{"line":10,"column":38}},"6":{"start":{"line":13,"column":0},"end":{"line":15,"column":3}},"7":{"start":{"line":14,"column":4},"end":{"line":14,"column":61}},"8":{"start":{"line":20,"column":0},"end":{"line":22,"column":2}},"9":{"start":{"line":21,"column":2},"end":{"line":21,"column":39}},"10":{"start":{"line":27,"column":0},"end":{"line":27,"column":26}},"11":{"start":{"line":28,"column":12},"end":{"line":28,"column":29}},"12":{"start":{"line":30,"column":16},"end":{"line":30,"column":37}},"13":{"start":{"line":31,"column":19},"end":{"line":31,"column":36}},"14":{"start":{"line":33,"column":17},"end":{"line":33,"column":68}},"15":{"start":{"line":42,"column":0},"end":{"line":60,"column":3}},"16":{"start":{"line":43,"column":20},"end":{"line":43,"column":22}},"17":{"start":{"line":44,"column":4},"end":{"line":46,"column":5}},"18":{"start":{"line":45,"column":8},"end":{"line":45,"column":49}},"19":{"start":{"line":48,"column":15},"end":{"line":48,"column":16}},"20":{"start":{"line":49,"column":4},"end":{"line":51,"column":5}},"21":{"start":{"line":50,"column":8},"end":{"line":50,"column":39}},"22":{"start":{"line":53,"column":4},"end":{"line":58,"column":6}},"23":{"start":{"line":54,"column":8},"end":{"line":54,"column":25}},"24":{"start":{"line":57,"column":8},"end":{"line":57,"column":74}},"25":{"start":{"line":65,"column":0},"end":{"line":73,"column":3}},"26":{"start":{"line":66,"column":4},"end":{"line":71,"column":6}},"27":{"start":{"line":67,"column":8},"end":{"line":67,"column":25}},"28":{"start":{"line":70,"column":8},"end":{"line":70,"column":74}},"29":{"start":{"line":78,"column":0},"end":{"line":86,"column":3}},"30":{"start":{"line":79,"column":4},"end":{"line":84,"column":6}},"31":{"start":{"line":80,"column":8},"end":{"line":80,"column":29}},"32":{"start":{"line":83,"column":8},"end":{"line":83,"column":74}},"33":{"start":{"line":90,"column":0},"end":{"line":90,"column":23}}},"fnMap":{"0":{"name":"(anonymous_0)","decl":{"start":{"line":13,"column":16},"end":{"line":13,"column":17}},"loc":{"start":{"line":13,"column":33},"end":{"line":15,"column":1}},"line":13},"1":{"name":"(anonymous_1)","decl":{"start":{"line":20,"column":11},"end":{"line":20,"column":12}},"loc":{"start":{"line":20,"column":38},"end":{"line":22,"column":1}},"line":20},"2":{"name":"(anonymous_2)","decl":{"start":{"line":42,"column":36},"end":{"line":42,"column":37}},"loc":{"start":{"line":42,"column":55},"end":{"line":60,"column":1}},"line":42},"3":{"name":"(anonymous_3)","decl":{"start":{"line":53,"column":53},"end":{"line":53,"column":54}},"loc":{"start":{"line":53,"column":66},"end":{"line":55,"column":5}},"line":53},"4":{"name":"(anonymous_4)","decl":{"start":{"line":56,"column":11},"end":{"line":56,"column":12}},"loc":{"start":{"line":56,"column":25},"end":{"line":58,"column":5}},"line":56},"5":{"name":"(anonymous_5)","decl":{"start":{"line":65,"column":31},"end":{"line":65,"column":32}},"loc":{"start":{"line":65,"column":50},"end":{"line":73,"column":1}},"line":65},"6":{"name":"(anonymous_6)","decl":{"start":{"line":66,"column":33},"end":{"line":66,"column":34}},"loc":{"start":{"line":66,"column":46},"end":{"line":68,"column":5}},"line":66},"7":{"name":"(anonymous_7)","decl":{"start":{"line":69,"column":11},"end":{"line":69,"column":12}},"loc":{"start":{"line":69,"column":25},"end":{"line":71,"column":5}},"line":69},"8":{"name":"(anonymous_8)","decl":{"start":{"line":78,"column":21},"end":{"line":78,"column":22}},"loc":{"start":{"line":78,"column":40},"end":{"line":86,"column":1}},"line":78},"9":{"name":"(anonymous_9)","decl":{"start":{"line":79,"column":37},"end":{"line":79,"column":38}},"loc":{"start":{"line":79,"column":54},"end":{"line":81,"column":5}},"line":79},"10":{"name":"(anonymous_10)","decl":{"start":{"line":82,"column":11},"end":{"line":82,"column":12}},"loc":{"start":{"line":82,"column":25},"end":{"line":84,"column":5}},"line":82}},"branchMap":{"0":{"loc":{"start":{"line":44,"column":4},"end":{"line":46,"column":5}},"type":"if","locations":[{"start":{"line":44,"column":4},"end":{"line":46,"column":5}},{"start":{},"end":{}}],"line":44},"1":{"loc":{"start":{"line":49,"column":4},"end":{"line":51,"column":5}},"type":"if","locations":[{"start":{"line":49,"column":4},"end":{"line":51,"column":5}},{"start":{},"end":{}}],"line":49}},"s":{"0":1,"1":1,"2":1,"3":1,"4":1,"5":1,"6":1,"7":0,"8":1,"9":0,"10":1,"11":1,"12":1,"13":1,"14":1,"15":1,"16":2,"17":2,"18":2,"19":2,"20":2,"21":2,"22":2,"23":1,"24":1,"25":1,"26":1,"27":1,"28":0,"29":1,"30":1,"31":1,"32":0,"33":1},"f":{"0":0,"1":0,"2":2,"3":1,"4":1,"5":1,"6":1,"7":0,"8":1,"9":1,"10":0},"b":{"0":[2,0],"1":[2,0]},"_coverageSchema":"1a1c01bbd47fc00a2c39e90264f33305004495a9","hash":"9b227a6e8ab523e0c2224fd80f8f3e98e2384ac0"}
}
