TN:
SF:scripts\ZendeskApiHandler.js
FN:12,(anonymous_0)
FN:28,(anonymous_1)
FN:36,(anonymous_2)
FN:43,(anonymous_3)
FN:54,(anonymous_4)
FNF:5
FNH:5
FNDA:5,(anonymous_0)
FNDA:5,(anonymous_1)
FNDA:6,(anonymous_2)
FNDA:2,(anonymous_3)
FNDA:8,(anonymous_4)
DA:1,2
DA:2,2
DA:13,5
DA:17,5
DA:18,5
DA:29,5
DA:30,5
DA:37,6
DA:44,2
DA:45,2
DA:55,8
DA:56,8
DA:57,5
DA:59,5
DA:63,3
DA:64,3
DA:65,3
DA:67,1
DA:69,0
DA:71,2
DA:73,0
DA:82,2
LF:22
LH:20
BRDA:36,0,0,1
BRDA:64,1,0,3
BRDA:64,1,1,0
BRDA:65,2,0,1
BRDA:65,2,1,0
BRDA:65,2,2,2
BRDA:65,2,3,0
BRF:7
BRH:4
end_of_record
TN:
SF:scripts\server.js
FN:13,(anonymous_0)
FN:20,(anonymous_1)
FN:42,(anonymous_2)
FN:53,(anonymous_3)
FN:56,(anonymous_4)
FN:65,(anonymous_5)
FN:66,(anonymous_6)
FN:69,(anonymous_7)
FN:78,(anonymous_8)
FN:79,(anonymous_9)
FN:82,(anonymous_10)
FNF:11
FNH:7
FNDA:0,(anonymous_0)
FNDA:0,(anonymous_1)
FNDA:2,(anonymous_2)
FNDA:1,(anonymous_3)
FNDA:1,(anonymous_4)
FNDA:1,(anonymous_5)
FNDA:1,(anonymous_6)
FNDA:0,(anonymous_7)
FNDA:1,(anonymous_8)
FNDA:1,(anonymous_9)
FNDA:0,(anonymous_10)
DA:1,1
DA:2,1
DA:3,1
DA:8,1
DA:9,1
DA:10,1
DA:13,1
DA:14,0
DA:20,1
DA:21,0
DA:27,1
DA:28,1
DA:30,1
DA:31,1
DA:33,1
DA:42,1
DA:43,2
DA:44,2
DA:45,2
DA:48,2
DA:49,2
DA:50,2
DA:53,2
DA:54,1
DA:57,1
DA:65,1
DA:66,1
DA:67,1
DA:70,0
DA:78,1
DA:79,1
DA:80,1
DA:83,0
DA:90,1
LF:34
LH:30
BRDA:44,0,0,2
BRDA:44,0,1,0
BRDA:49,1,0,2
BRDA:49,1,1,0
BRF:4
BRH:2
end_of_record
